<?xml version="1.0" encoding="UTF-8"?>
<testng-results skipped="0" failed="0" ignored="0" total="4" passed="4">
  <reporter-output>
  </reporter-output>
  <suite name="Default suite" duration-ms="16259" started-at="2019-05-25T14:22:45Z" finished-at="2019-05-25T14:23:01Z">
    <groups>
    </groups>
    <test name="Default test" duration-ms="16259" started-at="2019-05-25T14:22:45Z" finished-at="2019-05-25T14:23:01Z">
      <class name="com.wordpress.test.LoginpageTest">
        <test-method status="PASS" signature="setUp()[pri:0, instance:com.wordpress.test.LoginpageTest@fe18270]" name="setUp" is-config="true" duration-ms="5236" started-at="2019-05-25T14:22:45Z" finished-at="2019-05-25T14:22:50Z">
          <reporter-output>
          </reporter-output>
        </test-method> <!-- setUp -->
        <test-method status="PASS" signature="validateincorrectloginTest1()[pri:0, instance:com.wordpress.test.LoginpageTest@fe18270]" name="validateincorrectloginTest1" duration-ms="406" started-at="2019-05-25T14:22:50Z" finished-at="2019-05-25T14:22:51Z">
          <reporter-output>
          </reporter-output>
        </test-method> <!-- validateincorrectloginTest1 -->
        <test-method status="PASS" signature="setUp()[pri:0, instance:com.wordpress.test.LoginpageTest@fe18270]" name="setUp" is-config="true" duration-ms="2460" started-at="2019-05-25T14:22:51Z" finished-at="2019-05-25T14:22:53Z">
          <reporter-output>
          </reporter-output>
        </test-method> <!-- setUp -->
        <test-method status="PASS" signature="tearDown()[pri:0, instance:com.wordpress.test.LoginpageTest@fe18270]" name="tearDown" is-config="true" duration-ms="0" started-at="2019-05-25T14:22:51Z" finished-at="2019-05-25T14:22:51Z">
          <reporter-output>
          </reporter-output>
        </test-method> <!-- tearDown -->
        <test-method status="PASS" signature="validateincorrectloginTest2()[pri:0, instance:com.wordpress.test.LoginpageTest@fe18270]" name="validateincorrectloginTest2" duration-ms="204" started-at="2019-05-25T14:22:53Z" finished-at="2019-05-25T14:22:53Z">
          <reporter-output>
          </reporter-output>
        </test-method> <!-- validateincorrectloginTest2 -->
        <test-method status="PASS" signature="tearDown()[pri:0, instance:com.wordpress.test.LoginpageTest@fe18270]" name="tearDown" is-config="true" duration-ms="16" started-at="2019-05-25T14:22:53Z" finished-at="2019-05-25T14:22:53Z">
          <reporter-output>
          </reporter-output>
        </test-method> <!-- tearDown -->
        <test-method status="PASS" signature="setUp()[pri:0, instance:com.wordpress.test.LoginpageTest@fe18270]" name="setUp" is-config="true" duration-ms="2774" started-at="2019-05-25T14:22:53Z" finished-at="2019-05-25T14:22:56Z">
          <reporter-output>
          </reporter-output>
        </test-method> <!-- setUp -->
        <test-method status="PASS" signature="validateloginTest()[pri:0, instance:com.wordpress.test.LoginpageTest@fe18270]" name="validateloginTest" duration-ms="234" started-at="2019-05-25T14:22:56Z" finished-at="2019-05-25T14:22:56Z">
          <reporter-output>
          </reporter-output>
        </test-method> <!-- validateloginTest -->
        <test-method status="PASS" signature="tearDown()[pri:0, instance:com.wordpress.test.LoginpageTest@fe18270]" name="tearDown" is-config="true" duration-ms="0" started-at="2019-05-25T14:22:56Z" finished-at="2019-05-25T14:22:56Z">
          <reporter-output>
          </reporter-output>
        </test-method> <!-- tearDown -->
        <test-method status="PASS" signature="setUp()[pri:0, instance:com.wordpress.test.LoginpageTest@fe18270]" name="setUp" is-config="true" duration-ms="4912" started-at="2019-05-25T14:22:56Z" finished-at="2019-05-25T14:23:01Z">
          <reporter-output>
          </reporter-output>
        </test-method> <!-- setUp -->
        <test-method status="PASS" signature="validatetitleTest()[pri:0, instance:com.wordpress.test.LoginpageTest@fe18270]" name="validatetitleTest" duration-ms="1" started-at="2019-05-25T14:23:01Z" finished-at="2019-05-25T14:23:01Z">
          <reporter-output>
          </reporter-output>
        </test-method> <!-- validatetitleTest -->
        <test-method status="PASS" signature="tearDown()[pri:0, instance:com.wordpress.test.LoginpageTest@fe18270]" name="tearDown" is-config="true" duration-ms="0" started-at="2019-05-25T14:23:01Z" finished-at="2019-05-25T14:23:01Z">
          <reporter-output>
          </reporter-output>
        </test-method> <!-- tearDown -->
      </class> <!-- com.wordpress.test.LoginpageTest -->
    </test> <!-- Default test -->
  </suite> <!-- Default suite -->
</testng-results>
