<?xml version="1.0" encoding="UTF-8"?>
<!-- Generated by org.testng.reporters.JUnitXMLReporter -->
<testsuite hostname="DESKTOP-BH0V3DF" ignored="0" name="Default test" tests="4" failures="0" timestamp="25 May 2019 14:23:01 GMT" time="16.259" errors="0">
  <testcase name="validateincorrectloginTest1" time="0.406" classname="com.wordpress.test.LoginpageTest"/>
  <testcase name="validateincorrectloginTest2" time="0.204" classname="com.wordpress.test.LoginpageTest"/>
  <testcase name="validateloginTest" time="0.234" classname="com.wordpress.test.LoginpageTest"/>
  <testcase name="validatetitleTest" time="0.001" classname="com.wordpress.test.LoginpageTest"/>
</testsuite> <!-- Default test -->
